[2016.08.05 16:28:46] (Coverage): Failed to load coverage data from file: /root/.IdeaIC2016.1/system/coverage/hadoop-main$TestFileAppend.coverage
java.io.EOFException
	at java.io.DataInputStream.readByte(DataInputStream.java:267)
	at com.intellij.rt.coverage.util.CoverageIOUtil.readUTFFast(CoverageIOUtil.java:100)
	at com.intellij.rt.coverage.util.ProjectDataLoader.expand(ProjectDataLoader.java:107)
	at com.intellij.rt.coverage.util.ProjectDataLoader.load(ProjectDataLoader.java:49)
	at com.intellij.coverage.IDEACoverageRunner.loadCoverageData(IDEACoverageRunner.java:44)
	at com.intellij.coverage.BaseCoverageSuite.loadProjectInfo(BaseCoverageSuite.java:245)
	at com.intellij.coverage.JavaCoverageSuite.getCoverageData(JavaCoverageSuite.java:146)
	at com.intellij.coverage.CoverageSuitesBundle.getCoverageData(CoverageSuitesBundle.java:92)
	at com.intellij.coverage.PackageAnnotator.annotate(PackageAnnotator.java:140)
	at com.intellij.coverage.JavaCoverageAnnotator$1.run(JavaCoverageAnnotator.java:132)
	at com.intellij.coverage.BaseCoverageAnnotator$1.run(BaseCoverageAnnotator.java:36)
	at com.intellij.openapi.progress.impl.CoreProgressManager$TaskRunnable.run(CoreProgressManager.java:563)
	at com.intellij.openapi.progress.impl.CoreProgressManager$2.run(CoreProgressManager.java:142)
	at com.intellij.openapi.progress.impl.CoreProgressManager.registerIndicatorAndRun(CoreProgressManager.java:446)
	at com.intellij.openapi.progress.impl.CoreProgressManager.executeProcessUnderProgress(CoreProgressManager.java:392)
	at com.intellij.openapi.progress.impl.ProgressManagerImpl.executeProcessUnderProgress(ProgressManagerImpl.java:54)
	at com.intellij.openapi.progress.impl.CoreProgressManager.runProcess(CoreProgressManager.java:127)
	at com.intellij.openapi.progress.impl.ProgressManagerImpl$1.run(ProgressManagerImpl.java:126)
	at com.intellij.openapi.application.impl.ApplicationImpl$8.run(ApplicationImpl.java:369)
	at java.util.concurrent.Executors$RunnableAdapter.call(Executors.java:511)
	at java.util.concurrent.FutureTask.run(FutureTask.java:266)
	at java.util.concurrent.ThreadPoolExecutor.runWorker(ThreadPoolExecutor.java:1142)
	at java.util.concurrent.ThreadPoolExecutor$Worker.run(ThreadPoolExecutor.java:617)
	at java.lang.Thread.run(Thread.java:745)
[2016.08.05 16:34:45] (Coverage): Failed to load coverage data from file: /root/.IdeaIC2016.1/system/coverage/hadoop-main$TestFileAppend.coverage
java.io.EOFException
	at java.io.DataInputStream.readByte(DataInputStream.java:267)
	at com.intellij.rt.coverage.util.CoverageIOUtil.readUTFFast(CoverageIOUtil.java:100)
	at com.intellij.rt.coverage.util.ProjectDataLoader.expand(ProjectDataLoader.java:107)
	at com.intellij.rt.coverage.util.ProjectDataLoader.load(ProjectDataLoader.java:49)
	at com.intellij.coverage.IDEACoverageRunner.loadCoverageData(IDEACoverageRunner.java:44)
	at com.intellij.coverage.BaseCoverageSuite.loadProjectInfo(BaseCoverageSuite.java:245)
	at com.intellij.coverage.JavaCoverageSuite.getCoverageData(JavaCoverageSuite.java:146)
	at com.intellij.coverage.CoverageSuitesBundle.getCoverageData(CoverageSuitesBundle.java:92)
	at com.intellij.coverage.SrcFileAnnotator.showCoverageInformation(SrcFileAnnotator.java:291)
	at com.intellij.coverage.CoverageDataManagerImpl$CoverageEditorFactoryListener$2.run(CoverageDataManagerImpl.java:681)
	at com.intellij.util.concurrency.QueueProcessor.runSafely(QueueProcessor.java:238)
	at com.intellij.util.Alarm$Request$1.run(Alarm.java:378)
	at com.intellij.util.Alarm$Request.run(Alarm.java:389)
	at java.util.concurrent.Executors$RunnableAdapter.call(Executors.java:511)
	at java.util.concurrent.FutureTask.run(FutureTask.java:266)
	at com.intellij.util.concurrency.SchedulingWrapper$MyScheduledFutureTask.run(SchedulingWrapper.java:227)
	at com.intellij.util.concurrency.BoundedTaskExecutor$2.run(BoundedTaskExecutor.java:187)
	at java.util.concurrent.ThreadPoolExecutor.runWorker(ThreadPoolExecutor.java:1142)
	at java.util.concurrent.ThreadPoolExecutor$Worker.run(ThreadPoolExecutor.java:617)
	at java.lang.Thread.run(Thread.java:745)
[2016.08.05 16:47:04] (Coverage): Failed to load coverage data from file: /root/.IdeaIC2016.1/system/coverage/hadoop-main$TestFileAppend.coverage
java.io.EOFException
	at java.io.DataInputStream.readByte(DataInputStream.java:267)
	at com.intellij.rt.coverage.util.CoverageIOUtil.readUTFFast(CoverageIOUtil.java:100)
	at com.intellij.rt.coverage.util.ProjectDataLoader.expand(ProjectDataLoader.java:107)
	at com.intellij.rt.coverage.util.ProjectDataLoader.load(ProjectDataLoader.java:49)
	at com.intellij.coverage.IDEACoverageRunner.loadCoverageData(IDEACoverageRunner.java:44)
	at com.intellij.coverage.BaseCoverageSuite.loadProjectInfo(BaseCoverageSuite.java:245)
	at com.intellij.coverage.JavaCoverageSuite.getCoverageData(JavaCoverageSuite.java:146)
	at com.intellij.coverage.CoverageSuitesBundle.getCoverageData(CoverageSuitesBundle.java:92)
	at com.intellij.coverage.SrcFileAnnotator.showCoverageInformation(SrcFileAnnotator.java:291)
	at com.intellij.coverage.CoverageDataManagerImpl$CoverageEditorFactoryListener$2.run(CoverageDataManagerImpl.java:681)
	at com.intellij.util.concurrency.QueueProcessor.runSafely(QueueProcessor.java:238)
	at com.intellij.util.Alarm$Request$1.run(Alarm.java:378)
	at com.intellij.util.Alarm$Request.run(Alarm.java:389)
	at java.util.concurrent.Executors$RunnableAdapter.call(Executors.java:511)
	at java.util.concurrent.FutureTask.run(FutureTask.java:266)
	at com.intellij.util.concurrency.SchedulingWrapper$MyScheduledFutureTask.run(SchedulingWrapper.java:227)
	at com.intellij.util.concurrency.BoundedTaskExecutor$2.run(BoundedTaskExecutor.java:187)
	at java.util.concurrent.ThreadPoolExecutor.runWorker(ThreadPoolExecutor.java:1142)
	at java.util.concurrent.ThreadPoolExecutor$Worker.run(ThreadPoolExecutor.java:617)
	at java.lang.Thread.run(Thread.java:745)
[2016.08.05 17:45:17] (Coverage): Failed to load coverage data from file: /root/.IdeaIC2016.1/system/coverage/hadoop-main$TestFileAppend.coverage
java.io.EOFException
	at java.io.DataInputStream.readByte(DataInputStream.java:267)
	at com.intellij.rt.coverage.util.CoverageIOUtil.readUTFFast(CoverageIOUtil.java:100)
	at com.intellij.rt.coverage.util.ProjectDataLoader.expand(ProjectDataLoader.java:107)
	at com.intellij.rt.coverage.util.ProjectDataLoader.load(ProjectDataLoader.java:49)
	at com.intellij.coverage.IDEACoverageRunner.loadCoverageData(IDEACoverageRunner.java:44)
	at com.intellij.coverage.BaseCoverageSuite.loadProjectInfo(BaseCoverageSuite.java:245)
	at com.intellij.coverage.JavaCoverageSuite.getCoverageData(JavaCoverageSuite.java:146)
	at com.intellij.coverage.CoverageSuitesBundle.getCoverageData(CoverageSuitesBundle.java:92)
	at com.intellij.coverage.SrcFileAnnotator.showCoverageInformation(SrcFileAnnotator.java:291)
	at com.intellij.coverage.CoverageDataManagerImpl$CoverageEditorFactoryListener$2.run(CoverageDataManagerImpl.java:681)
	at com.intellij.util.concurrency.QueueProcessor.runSafely(QueueProcessor.java:238)
	at com.intellij.util.Alarm$Request$1.run(Alarm.java:378)
	at com.intellij.util.Alarm$Request.run(Alarm.java:389)
	at java.util.concurrent.Executors$RunnableAdapter.call(Executors.java:511)
	at java.util.concurrent.FutureTask.run(FutureTask.java:266)
	at com.intellij.util.concurrency.SchedulingWrapper$MyScheduledFutureTask.run(SchedulingWrapper.java:227)
	at com.intellij.util.concurrency.BoundedTaskExecutor$2.run(BoundedTaskExecutor.java:187)
	at java.util.concurrent.ThreadPoolExecutor.runWorker(ThreadPoolExecutor.java:1142)
	at java.util.concurrent.ThreadPoolExecutor$Worker.run(ThreadPoolExecutor.java:617)
	at java.lang.Thread.run(Thread.java:745)
[2016.08.05 18:18:57] (Coverage): Failed to load coverage data from file: /root/.IdeaIC2016.1/system/coverage/hadoop-main$TestFileAppend.coverage
java.io.EOFException
	at java.io.DataInputStream.readByte(DataInputStream.java:267)
	at com.intellij.rt.coverage.util.CoverageIOUtil.readUTFFast(CoverageIOUtil.java:100)
	at com.intellij.rt.coverage.util.ProjectDataLoader.expand(ProjectDataLoader.java:107)
	at com.intellij.rt.coverage.util.ProjectDataLoader.load(ProjectDataLoader.java:49)
	at com.intellij.coverage.IDEACoverageRunner.loadCoverageData(IDEACoverageRunner.java:44)
	at com.intellij.coverage.BaseCoverageSuite.loadProjectInfo(BaseCoverageSuite.java:245)
	at com.intellij.coverage.JavaCoverageSuite.getCoverageData(JavaCoverageSuite.java:146)
	at com.intellij.coverage.CoverageSuitesBundle.getCoverageData(CoverageSuitesBundle.java:92)
	at com.intellij.coverage.SrcFileAnnotator.showCoverageInformation(SrcFileAnnotator.java:291)
	at com.intellij.coverage.CoverageDataManagerImpl$CoverageEditorFactoryListener$2.run(CoverageDataManagerImpl.java:681)
	at com.intellij.util.concurrency.QueueProcessor.runSafely(QueueProcessor.java:238)
	at com.intellij.util.Alarm$Request$1.run(Alarm.java:378)
	at com.intellij.util.Alarm$Request.run(Alarm.java:389)
	at java.util.concurrent.Executors$RunnableAdapter.call(Executors.java:511)
	at java.util.concurrent.FutureTask.run(FutureTask.java:266)
	at com.intellij.util.concurrency.SchedulingWrapper$MyScheduledFutureTask.run(SchedulingWrapper.java:227)
	at com.intellij.util.concurrency.BoundedTaskExecutor$2.run(BoundedTaskExecutor.java:187)
	at java.util.concurrent.ThreadPoolExecutor.runWorker(ThreadPoolExecutor.java:1142)
	at java.util.concurrent.ThreadPoolExecutor$Worker.run(ThreadPoolExecutor.java:617)
	at java.lang.Thread.run(Thread.java:745)
[2016.08.05 19:34:27] (Coverage): Failed to load coverage data from file: /root/.IdeaIC2016.1/system/coverage/hadoop-main$TestFileAppend.coverage
java.io.EOFException
	at java.io.DataInputStream.readByte(DataInputStream.java:267)
	at com.intellij.rt.coverage.util.CoverageIOUtil.readUTFFast(CoverageIOUtil.java:100)
	at com.intellij.rt.coverage.util.ProjectDataLoader.expand(ProjectDataLoader.java:107)
	at com.intellij.rt.coverage.util.ProjectDataLoader.load(ProjectDataLoader.java:49)
	at com.intellij.coverage.IDEACoverageRunner.loadCoverageData(IDEACoverageRunner.java:44)
	at com.intellij.coverage.BaseCoverageSuite.loadProjectInfo(BaseCoverageSuite.java:245)
	at com.intellij.coverage.JavaCoverageSuite.getCoverageData(JavaCoverageSuite.java:146)
	at com.intellij.coverage.CoverageSuitesBundle.getCoverageData(CoverageSuitesBundle.java:92)
	at com.intellij.coverage.SrcFileAnnotator.showCoverageInformation(SrcFileAnnotator.java:291)
	at com.intellij.coverage.CoverageDataManagerImpl$CoverageEditorFactoryListener$2.run(CoverageDataManagerImpl.java:681)
	at com.intellij.util.concurrency.QueueProcessor.runSafely(QueueProcessor.java:238)
	at com.intellij.util.Alarm$Request$1.run(Alarm.java:378)
	at com.intellij.util.Alarm$Request.run(Alarm.java:389)
	at java.util.concurrent.Executors$RunnableAdapter.call(Executors.java:511)
	at java.util.concurrent.FutureTask.run(FutureTask.java:266)
	at com.intellij.util.concurrency.SchedulingWrapper$MyScheduledFutureTask.run(SchedulingWrapper.java:227)
	at com.intellij.util.concurrency.BoundedTaskExecutor$2.run(BoundedTaskExecutor.java:187)
	at java.util.concurrent.ThreadPoolExecutor.runWorker(ThreadPoolExecutor.java:1142)
	at java.util.concurrent.ThreadPoolExecutor$Worker.run(ThreadPoolExecutor.java:617)
	at java.lang.Thread.run(Thread.java:745)
[2016.08.06 12:15:19] (Coverage): Failed to load coverage data from file: /root/.IdeaIC2016.1/system/coverage/hadoop-main$TestFileAppend.coverage
java.io.EOFException
	at java.io.DataInputStream.readByte(DataInputStream.java:267)
	at com.intellij.rt.coverage.util.CoverageIOUtil.readUTFFast(CoverageIOUtil.java:100)
	at com.intellij.rt.coverage.util.ProjectDataLoader.expand(ProjectDataLoader.java:107)
	at com.intellij.rt.coverage.util.ProjectDataLoader.load(ProjectDataLoader.java:49)
	at com.intellij.coverage.IDEACoverageRunner.loadCoverageData(IDEACoverageRunner.java:44)
	at com.intellij.coverage.BaseCoverageSuite.loadProjectInfo(BaseCoverageSuite.java:245)
	at com.intellij.coverage.JavaCoverageSuite.getCoverageData(JavaCoverageSuite.java:146)
	at com.intellij.coverage.CoverageSuitesBundle.getCoverageData(CoverageSuitesBundle.java:92)
	at com.intellij.coverage.SrcFileAnnotator.showCoverageInformation(SrcFileAnnotator.java:291)
	at com.intellij.coverage.CoverageDataManagerImpl$CoverageEditorFactoryListener$2.run(CoverageDataManagerImpl.java:681)
	at com.intellij.util.concurrency.QueueProcessor.runSafely(QueueProcessor.java:238)
	at com.intellij.util.Alarm$Request$1.run(Alarm.java:378)
	at com.intellij.util.Alarm$Request.run(Alarm.java:389)
	at java.util.concurrent.Executors$RunnableAdapter.call(Executors.java:511)
	at java.util.concurrent.FutureTask.run(FutureTask.java:266)
	at com.intellij.util.concurrency.SchedulingWrapper$MyScheduledFutureTask.run(SchedulingWrapper.java:227)
	at com.intellij.util.concurrency.BoundedTaskExecutor$2.run(BoundedTaskExecutor.java:187)
	at java.util.concurrent.ThreadPoolExecutor.runWorker(ThreadPoolExecutor.java:1142)
	at java.util.concurrent.ThreadPoolExecutor$Worker.run(ThreadPoolExecutor.java:617)
	at java.lang.Thread.run(Thread.java:745)
[2016.08.06 12:32:15] (Coverage): Failed to load coverage data from file: /root/.IdeaIC2016.1/system/coverage/hadoop-main$TestFileAppend.coverage
java.io.EOFException
	at java.io.DataInputStream.readByte(DataInputStream.java:267)
	at com.intellij.rt.coverage.util.CoverageIOUtil.readUTFFast(CoverageIOUtil.java:100)
	at com.intellij.rt.coverage.util.ProjectDataLoader.expand(ProjectDataLoader.java:107)
	at com.intellij.rt.coverage.util.ProjectDataLoader.load(ProjectDataLoader.java:49)
	at com.intellij.coverage.IDEACoverageRunner.loadCoverageData(IDEACoverageRunner.java:44)
	at com.intellij.coverage.BaseCoverageSuite.loadProjectInfo(BaseCoverageSuite.java:245)
	at com.intellij.coverage.JavaCoverageSuite.getCoverageData(JavaCoverageSuite.java:146)
	at com.intellij.coverage.CoverageSuitesBundle.getCoverageData(CoverageSuitesBundle.java:92)
	at com.intellij.coverage.SrcFileAnnotator.showCoverageInformation(SrcFileAnnotator.java:291)
	at com.intellij.coverage.CoverageDataManagerImpl$CoverageEditorFactoryListener$2.run(CoverageDataManagerImpl.java:681)
	at com.intellij.util.concurrency.QueueProcessor.runSafely(QueueProcessor.java:238)
	at com.intellij.util.Alarm$Request$1.run(Alarm.java:378)
	at com.intellij.util.Alarm$Request.run(Alarm.java:389)
	at java.util.concurrent.Executors$RunnableAdapter.call(Executors.java:511)
	at java.util.concurrent.FutureTask.run(FutureTask.java:266)
	at com.intellij.util.concurrency.SchedulingWrapper$MyScheduledFutureTask.run(SchedulingWrapper.java:227)
	at com.intellij.util.concurrency.BoundedTaskExecutor$2.run(BoundedTaskExecutor.java:187)
	at java.util.concurrent.ThreadPoolExecutor.runWorker(ThreadPoolExecutor.java:1142)
	at java.util.concurrent.ThreadPoolExecutor$Worker.run(ThreadPoolExecutor.java:617)
	at java.lang.Thread.run(Thread.java:745)
[2016.08.06 13:20:51] (Coverage): Failed to load coverage data from file: /root/.IdeaIC2016.1/system/coverage/hadoop-main$TestFileAppend.coverage
java.io.EOFException
	at java.io.DataInputStream.readByte(DataInputStream.java:267)
	at com.intellij.rt.coverage.util.CoverageIOUtil.readUTFFast(CoverageIOUtil.java:100)
	at com.intellij.rt.coverage.util.ProjectDataLoader.expand(ProjectDataLoader.java:107)
	at com.intellij.rt.coverage.util.ProjectDataLoader.load(ProjectDataLoader.java:49)
	at com.intellij.coverage.IDEACoverageRunner.loadCoverageData(IDEACoverageRunner.java:44)
	at com.intellij.coverage.BaseCoverageSuite.loadProjectInfo(BaseCoverageSuite.java:245)
	at com.intellij.coverage.JavaCoverageSuite.getCoverageData(JavaCoverageSuite.java:146)
	at com.intellij.coverage.CoverageSuitesBundle.getCoverageData(CoverageSuitesBundle.java:92)
	at com.intellij.coverage.SrcFileAnnotator.showCoverageInformation(SrcFileAnnotator.java:291)
	at com.intellij.coverage.CoverageDataManagerImpl$CoverageEditorFactoryListener$2.run(CoverageDataManagerImpl.java:681)
	at com.intellij.util.concurrency.QueueProcessor.runSafely(QueueProcessor.java:238)
	at com.intellij.util.Alarm$Request$1.run(Alarm.java:378)
	at com.intellij.util.Alarm$Request.run(Alarm.java:389)
	at java.util.concurrent.Executors$RunnableAdapter.call(Executors.java:511)
	at java.util.concurrent.FutureTask.run(FutureTask.java:266)
	at com.intellij.util.concurrency.SchedulingWrapper$MyScheduledFutureTask.run(SchedulingWrapper.java:227)
	at com.intellij.util.concurrency.BoundedTaskExecutor$2.run(BoundedTaskExecutor.java:187)
	at java.util.concurrent.ThreadPoolExecutor.runWorker(ThreadPoolExecutor.java:1142)
	at java.util.concurrent.ThreadPoolExecutor$Worker.run(ThreadPoolExecutor.java:617)
	at java.lang.Thread.run(Thread.java:745)
[2016.08.06 13:22:10] (Coverage): Failed to load coverage data from file: /root/.IdeaIC2016.1/system/coverage/hadoop-main$TestFileAppend.coverage
java.io.EOFException
	at java.io.DataInputStream.readByte(DataInputStream.java:267)
	at com.intellij.rt.coverage.util.CoverageIOUtil.readUTFFast(CoverageIOUtil.java:100)
	at com.intellij.rt.coverage.util.ProjectDataLoader.expand(ProjectDataLoader.java:107)
	at com.intellij.rt.coverage.util.ProjectDataLoader.load(ProjectDataLoader.java:49)
	at com.intellij.coverage.IDEACoverageRunner.loadCoverageData(IDEACoverageRunner.java:44)
	at com.intellij.coverage.BaseCoverageSuite.loadProjectInfo(BaseCoverageSuite.java:245)
	at com.intellij.coverage.JavaCoverageSuite.getCoverageData(JavaCoverageSuite.java:146)
	at com.intellij.coverage.CoverageSuitesBundle.getCoverageData(CoverageSuitesBundle.java:92)
	at com.intellij.coverage.SrcFileAnnotator.showCoverageInformation(SrcFileAnnotator.java:291)
	at com.intellij.coverage.CoverageDataManagerImpl$CoverageEditorFactoryListener$2.run(CoverageDataManagerImpl.java:681)
	at com.intellij.util.concurrency.QueueProcessor.runSafely(QueueProcessor.java:238)
	at com.intellij.util.Alarm$Request$1.run(Alarm.java:378)
	at com.intellij.util.Alarm$Request.run(Alarm.java:389)
	at java.util.concurrent.Executors$RunnableAdapter.call(Executors.java:511)
	at java.util.concurrent.FutureTask.run(FutureTask.java:266)
	at com.intellij.util.concurrency.SchedulingWrapper$MyScheduledFutureTask.run(SchedulingWrapper.java:227)
	at com.intellij.util.concurrency.BoundedTaskExecutor$2.run(BoundedTaskExecutor.java:187)
	at java.util.concurrent.ThreadPoolExecutor.runWorker(ThreadPoolExecutor.java:1142)
	at java.util.concurrent.ThreadPoolExecutor$Worker.run(ThreadPoolExecutor.java:617)
	at java.lang.Thread.run(Thread.java:745)
[2016.08.06 13:22:46] (Coverage): Failed to load coverage data from file: /root/.IdeaIC2016.1/system/coverage/hadoop-main$TestFileAppend.coverage
java.io.EOFException
	at java.io.DataInputStream.readByte(DataInputStream.java:267)
	at com.intellij.rt.coverage.util.CoverageIOUtil.readUTFFast(CoverageIOUtil.java:100)
	at com.intellij.rt.coverage.util.ProjectDataLoader.expand(ProjectDataLoader.java:107)
	at com.intellij.rt.coverage.util.ProjectDataLoader.load(ProjectDataLoader.java:49)
	at com.intellij.coverage.IDEACoverageRunner.loadCoverageData(IDEACoverageRunner.java:44)
	at com.intellij.coverage.BaseCoverageSuite.loadProjectInfo(BaseCoverageSuite.java:245)
	at com.intellij.coverage.JavaCoverageSuite.getCoverageData(JavaCoverageSuite.java:146)
	at com.intellij.coverage.CoverageSuitesBundle.getCoverageData(CoverageSuitesBundle.java:92)
	at com.intellij.coverage.SrcFileAnnotator.showCoverageInformation(SrcFileAnnotator.java:291)
	at com.intellij.coverage.CoverageDataManagerImpl$CoverageEditorFactoryListener$2.run(CoverageDataManagerImpl.java:681)
	at com.intellij.util.concurrency.QueueProcessor.runSafely(QueueProcessor.java:238)
	at com.intellij.util.Alarm$Request$1.run(Alarm.java:378)
	at com.intellij.util.Alarm$Request.run(Alarm.java:389)
	at java.util.concurrent.Executors$RunnableAdapter.call(Executors.java:511)
	at java.util.concurrent.FutureTask.run(FutureTask.java:266)
	at com.intellij.util.concurrency.SchedulingWrapper$MyScheduledFutureTask.run(SchedulingWrapper.java:227)
	at com.intellij.util.concurrency.BoundedTaskExecutor$2.run(BoundedTaskExecutor.java:187)
	at java.util.concurrent.ThreadPoolExecutor.runWorker(ThreadPoolExecutor.java:1142)
	at java.util.concurrent.ThreadPoolExecutor$Worker.run(ThreadPoolExecutor.java:617)
	at java.lang.Thread.run(Thread.java:745)
[2016.08.06 13:26:52] (Coverage): Failed to load coverage data from file: /root/.IdeaIC2016.1/system/coverage/hadoop-main$TestFileAppend.coverage
java.io.EOFException
	at java.io.DataInputStream.readByte(DataInputStream.java:267)
	at com.intellij.rt.coverage.util.CoverageIOUtil.readUTFFast(CoverageIOUtil.java:100)
	at com.intellij.rt.coverage.util.ProjectDataLoader.expand(ProjectDataLoader.java:107)
	at com.intellij.rt.coverage.util.ProjectDataLoader.load(ProjectDataLoader.java:49)
	at com.intellij.coverage.IDEACoverageRunner.loadCoverageData(IDEACoverageRunner.java:44)
	at com.intellij.coverage.BaseCoverageSuite.loadProjectInfo(BaseCoverageSuite.java:245)
	at com.intellij.coverage.JavaCoverageSuite.getCoverageData(JavaCoverageSuite.java:146)
	at com.intellij.coverage.CoverageSuitesBundle.getCoverageData(CoverageSuitesBundle.java:92)
	at com.intellij.coverage.SrcFileAnnotator.showCoverageInformation(SrcFileAnnotator.java:291)
	at com.intellij.coverage.CoverageDataManagerImpl$CoverageEditorFactoryListener$2.run(CoverageDataManagerImpl.java:681)
	at com.intellij.util.concurrency.QueueProcessor.runSafely(QueueProcessor.java:238)
	at com.intellij.util.Alarm$Request$1.run(Alarm.java:378)
	at com.intellij.util.Alarm$Request.run(Alarm.java:389)
	at java.util.concurrent.Executors$RunnableAdapter.call(Executors.java:511)
	at java.util.concurrent.FutureTask.run(FutureTask.java:266)
	at com.intellij.util.concurrency.SchedulingWrapper$MyScheduledFutureTask.run(SchedulingWrapper.java:227)
	at com.intellij.util.concurrency.BoundedTaskExecutor$2.run(BoundedTaskExecutor.java:187)
	at java.util.concurrent.ThreadPoolExecutor.runWorker(ThreadPoolExecutor.java:1142)
	at java.util.concurrent.ThreadPoolExecutor$Worker.run(ThreadPoolExecutor.java:617)
	at java.lang.Thread.run(Thread.java:745)
[2016.08.06 13:30:09] (Coverage): Failed to load coverage data from file: /root/.IdeaIC2016.1/system/coverage/hadoop-main$TestFileAppend.coverage
java.io.EOFException
	at java.io.DataInputStream.readByte(DataInputStream.java:267)
	at com.intellij.rt.coverage.util.CoverageIOUtil.readUTFFast(CoverageIOUtil.java:100)
	at com.intellij.rt.coverage.util.ProjectDataLoader.expand(ProjectDataLoader.java:107)
	at com.intellij.rt.coverage.util.ProjectDataLoader.load(ProjectDataLoader.java:49)
	at com.intellij.coverage.IDEACoverageRunner.loadCoverageData(IDEACoverageRunner.java:44)
	at com.intellij.coverage.BaseCoverageSuite.loadProjectInfo(BaseCoverageSuite.java:245)
	at com.intellij.coverage.JavaCoverageSuite.getCoverageData(JavaCoverageSuite.java:146)
	at com.intellij.coverage.CoverageSuitesBundle.getCoverageData(CoverageSuitesBundle.java:92)
	at com.intellij.coverage.SrcFileAnnotator.showCoverageInformation(SrcFileAnnotator.java:291)
	at com.intellij.coverage.CoverageDataManagerImpl$CoverageEditorFactoryListener$2.run(CoverageDataManagerImpl.java:681)
	at com.intellij.util.concurrency.QueueProcessor.runSafely(QueueProcessor.java:238)
	at com.intellij.util.Alarm$Request$1.run(Alarm.java:378)
	at com.intellij.util.Alarm$Request.run(Alarm.java:389)
	at java.util.concurrent.Executors$RunnableAdapter.call(Executors.java:511)
	at java.util.concurrent.FutureTask.run(FutureTask.java:266)
	at com.intellij.util.concurrency.SchedulingWrapper$MyScheduledFutureTask.run(SchedulingWrapper.java:227)
	at com.intellij.util.concurrency.BoundedTaskExecutor$2.run(BoundedTaskExecutor.java:187)
	at java.util.concurrent.ThreadPoolExecutor.runWorker(ThreadPoolExecutor.java:1142)
	at java.util.concurrent.ThreadPoolExecutor$Worker.run(ThreadPoolExecutor.java:617)
	at java.lang.Thread.run(Thread.java:745)
[2016.08.06 13:33:35] (Coverage): Failed to load coverage data from file: /root/.IdeaIC2016.1/system/coverage/hadoop-main$TestFileAppend.coverage
java.io.EOFException
	at java.io.DataInputStream.readByte(DataInputStream.java:267)
	at com.intellij.rt.coverage.util.CoverageIOUtil.readUTFFast(CoverageIOUtil.java:100)
	at com.intellij.rt.coverage.util.ProjectDataLoader.expand(ProjectDataLoader.java:107)
	at com.intellij.rt.coverage.util.ProjectDataLoader.load(ProjectDataLoader.java:49)
	at com.intellij.coverage.IDEACoverageRunner.loadCoverageData(IDEACoverageRunner.java:44)
	at com.intellij.coverage.BaseCoverageSuite.loadProjectInfo(BaseCoverageSuite.java:245)
	at com.intellij.coverage.JavaCoverageSuite.getCoverageData(JavaCoverageSuite.java:146)
	at com.intellij.coverage.CoverageSuitesBundle.getCoverageData(CoverageSuitesBundle.java:92)
	at com.intellij.coverage.SrcFileAnnotator.showCoverageInformation(SrcFileAnnotator.java:291)
	at com.intellij.coverage.CoverageDataManagerImpl$CoverageEditorFactoryListener$2.run(CoverageDataManagerImpl.java:681)
	at com.intellij.util.concurrency.QueueProcessor.runSafely(QueueProcessor.java:238)
	at com.intellij.util.Alarm$Request$1.run(Alarm.java:378)
	at com.intellij.util.Alarm$Request.run(Alarm.java:389)
	at java.util.concurrent.Executors$RunnableAdapter.call(Executors.java:511)
	at java.util.concurrent.FutureTask.run(FutureTask.java:266)
	at com.intellij.util.concurrency.SchedulingWrapper$MyScheduledFutureTask.run(SchedulingWrapper.java:227)
	at com.intellij.util.concurrency.BoundedTaskExecutor$2.run(BoundedTaskExecutor.java:187)
	at java.util.concurrent.ThreadPoolExecutor.runWorker(ThreadPoolExecutor.java:1142)
	at java.util.concurrent.ThreadPoolExecutor$Worker.run(ThreadPoolExecutor.java:617)
	at java.lang.Thread.run(Thread.java:745)
[2016.08.06 13:37:20] (Coverage): Failed to load coverage data from file: /root/.IdeaIC2016.1/system/coverage/hadoop-main$TestFileAppend.coverage
java.io.EOFException
	at java.io.DataInputStream.readByte(DataInputStream.java:267)
	at com.intellij.rt.coverage.util.CoverageIOUtil.readUTFFast(CoverageIOUtil.java:100)
	at com.intellij.rt.coverage.util.ProjectDataLoader.expand(ProjectDataLoader.java:107)
	at com.intellij.rt.coverage.util.ProjectDataLoader.load(ProjectDataLoader.java:49)
	at com.intellij.coverage.IDEACoverageRunner.loadCoverageData(IDEACoverageRunner.java:44)
	at com.intellij.coverage.BaseCoverageSuite.loadProjectInfo(BaseCoverageSuite.java:245)
	at com.intellij.coverage.JavaCoverageSuite.getCoverageData(JavaCoverageSuite.java:146)
	at com.intellij.coverage.CoverageSuitesBundle.getCoverageData(CoverageSuitesBundle.java:92)
	at com.intellij.coverage.SrcFileAnnotator.showCoverageInformation(SrcFileAnnotator.java:291)
	at com.intellij.coverage.CoverageDataManagerImpl$CoverageEditorFactoryListener$2.run(CoverageDataManagerImpl.java:681)
	at com.intellij.util.concurrency.QueueProcessor.runSafely(QueueProcessor.java:238)
	at com.intellij.util.Alarm$Request$1.run(Alarm.java:378)
	at com.intellij.util.Alarm$Request.run(Alarm.java:389)
	at java.util.concurrent.Executors$RunnableAdapter.call(Executors.java:511)
	at java.util.concurrent.FutureTask.run(FutureTask.java:266)
	at com.intellij.util.concurrency.SchedulingWrapper$MyScheduledFutureTask.run(SchedulingWrapper.java:227)
	at com.intellij.util.concurrency.BoundedTaskExecutor$2.run(BoundedTaskExecutor.java:187)
	at java.util.concurrent.ThreadPoolExecutor.runWorker(ThreadPoolExecutor.java:1142)
	at java.util.concurrent.ThreadPoolExecutor$Worker.run(ThreadPoolExecutor.java:617)
	at java.lang.Thread.run(Thread.java:745)
[2016.08.06 13:42:37] (Coverage): Failed to load coverage data from file: /root/.IdeaIC2016.1/system/coverage/hadoop-main$TestFileAppend.coverage
java.io.EOFException
	at java.io.DataInputStream.readByte(DataInputStream.java:267)
	at com.intellij.rt.coverage.util.CoverageIOUtil.readUTFFast(CoverageIOUtil.java:100)
	at com.intellij.rt.coverage.util.ProjectDataLoader.expand(ProjectDataLoader.java:107)
	at com.intellij.rt.coverage.util.ProjectDataLoader.load(ProjectDataLoader.java:49)
	at com.intellij.coverage.IDEACoverageRunner.loadCoverageData(IDEACoverageRunner.java:44)
	at com.intellij.coverage.BaseCoverageSuite.loadProjectInfo(BaseCoverageSuite.java:245)
	at com.intellij.coverage.JavaCoverageSuite.getCoverageData(JavaCoverageSuite.java:146)
	at com.intellij.coverage.CoverageSuitesBundle.getCoverageData(CoverageSuitesBundle.java:92)
	at com.intellij.coverage.SrcFileAnnotator.showCoverageInformation(SrcFileAnnotator.java:291)
	at com.intellij.coverage.CoverageDataManagerImpl$CoverageEditorFactoryListener$2.run(CoverageDataManagerImpl.java:681)
	at com.intellij.util.concurrency.QueueProcessor.runSafely(QueueProcessor.java:238)
	at com.intellij.util.Alarm$Request$1.run(Alarm.java:378)
	at com.intellij.util.Alarm$Request.run(Alarm.java:389)
	at java.util.concurrent.Executors$RunnableAdapter.call(Executors.java:511)
	at java.util.concurrent.FutureTask.run(FutureTask.java:266)
	at com.intellij.util.concurrency.SchedulingWrapper$MyScheduledFutureTask.run(SchedulingWrapper.java:227)
	at com.intellij.util.concurrency.BoundedTaskExecutor$2.run(BoundedTaskExecutor.java:187)
	at java.util.concurrent.ThreadPoolExecutor.runWorker(ThreadPoolExecutor.java:1142)
	at java.util.concurrent.ThreadPoolExecutor$Worker.run(ThreadPoolExecutor.java:617)
	at java.lang.Thread.run(Thread.java:745)
[2016.08.06 13:46:07] (Coverage): Failed to load coverage data from file: /root/.IdeaIC2016.1/system/coverage/hadoop-main$TestFileAppend.coverage
java.io.EOFException
	at java.io.DataInputStream.readByte(DataInputStream.java:267)
	at com.intellij.rt.coverage.util.CoverageIOUtil.readUTFFast(CoverageIOUtil.java:100)
	at com.intellij.rt.coverage.util.ProjectDataLoader.expand(ProjectDataLoader.java:107)
	at com.intellij.rt.coverage.util.ProjectDataLoader.load(ProjectDataLoader.java:49)
	at com.intellij.coverage.IDEACoverageRunner.loadCoverageData(IDEACoverageRunner.java:44)
	at com.intellij.coverage.BaseCoverageSuite.loadProjectInfo(BaseCoverageSuite.java:245)
	at com.intellij.coverage.JavaCoverageSuite.getCoverageData(JavaCoverageSuite.java:146)
	at com.intellij.coverage.CoverageSuitesBundle.getCoverageData(CoverageSuitesBundle.java:92)
	at com.intellij.coverage.SrcFileAnnotator.showCoverageInformation(SrcFileAnnotator.java:291)
	at com.intellij.coverage.CoverageDataManagerImpl$CoverageEditorFactoryListener$2.run(CoverageDataManagerImpl.java:681)
	at com.intellij.util.concurrency.QueueProcessor.runSafely(QueueProcessor.java:238)
	at com.intellij.util.Alarm$Request$1.run(Alarm.java:378)
	at com.intellij.util.Alarm$Request.run(Alarm.java:389)
	at java.util.concurrent.Executors$RunnableAdapter.call(Executors.java:511)
	at java.util.concurrent.FutureTask.run(FutureTask.java:266)
	at com.intellij.util.concurrency.SchedulingWrapper$MyScheduledFutureTask.run(SchedulingWrapper.java:227)
	at com.intellij.util.concurrency.BoundedTaskExecutor$2.run(BoundedTaskExecutor.java:187)
	at java.util.concurrent.ThreadPoolExecutor.runWorker(ThreadPoolExecutor.java:1142)
	at java.util.concurrent.ThreadPoolExecutor$Worker.run(ThreadPoolExecutor.java:617)
	at java.lang.Thread.run(Thread.java:745)
[2016.08.06 19:49:15] (Coverage): Failed to load coverage data from file: /root/.IdeaIC2016.1/system/coverage/hadoop-main$TestFileAppend.coverage
java.io.EOFException
	at java.io.DataInputStream.readByte(DataInputStream.java:267)
	at com.intellij.rt.coverage.util.CoverageIOUtil.readUTFFast(CoverageIOUtil.java:100)
	at com.intellij.rt.coverage.util.ProjectDataLoader.expand(ProjectDataLoader.java:107)
	at com.intellij.rt.coverage.util.ProjectDataLoader.load(ProjectDataLoader.java:49)
	at com.intellij.coverage.IDEACoverageRunner.loadCoverageData(IDEACoverageRunner.java:44)
	at com.intellij.coverage.BaseCoverageSuite.loadProjectInfo(BaseCoverageSuite.java:245)
	at com.intellij.coverage.JavaCoverageSuite.getCoverageData(JavaCoverageSuite.java:146)
	at com.intellij.coverage.CoverageSuitesBundle.getCoverageData(CoverageSuitesBundle.java:92)
	at com.intellij.coverage.SrcFileAnnotator.showCoverageInformation(SrcFileAnnotator.java:291)
	at com.intellij.coverage.CoverageDataManagerImpl$CoverageEditorFactoryListener$2.run(CoverageDataManagerImpl.java:681)
	at com.intellij.util.concurrency.QueueProcessor.runSafely(QueueProcessor.java:238)
	at com.intellij.util.Alarm$Request$1.run(Alarm.java:378)
	at com.intellij.util.Alarm$Request.run(Alarm.java:389)
	at java.util.concurrent.Executors$RunnableAdapter.call(Executors.java:511)
	at java.util.concurrent.FutureTask.run(FutureTask.java:266)
	at com.intellij.util.concurrency.SchedulingWrapper$MyScheduledFutureTask.run(SchedulingWrapper.java:227)
	at com.intellij.util.concurrency.BoundedTaskExecutor$2.run(BoundedTaskExecutor.java:187)
	at java.util.concurrent.ThreadPoolExecutor.runWorker(ThreadPoolExecutor.java:1142)
	at java.util.concurrent.ThreadPoolExecutor$Worker.run(ThreadPoolExecutor.java:617)
	at java.lang.Thread.run(Thread.java:745)
[2016.08.08 09:29:50] (Coverage): Failed to load coverage data from file: /root/.IdeaIC2016.1/system/coverage/hadoop-main$TestFileAppend.coverage
java.io.EOFException
	at java.io.DataInputStream.readByte(DataInputStream.java:267)
	at com.intellij.rt.coverage.util.CoverageIOUtil.readUTFFast(CoverageIOUtil.java:100)
	at com.intellij.rt.coverage.util.ProjectDataLoader.expand(ProjectDataLoader.java:107)
	at com.intellij.rt.coverage.util.ProjectDataLoader.load(ProjectDataLoader.java:49)
	at com.intellij.coverage.IDEACoverageRunner.loadCoverageData(IDEACoverageRunner.java:44)
	at com.intellij.coverage.BaseCoverageSuite.loadProjectInfo(BaseCoverageSuite.java:245)
	at com.intellij.coverage.JavaCoverageSuite.getCoverageData(JavaCoverageSuite.java:146)
	at com.intellij.coverage.CoverageSuitesBundle.getCoverageData(CoverageSuitesBundle.java:92)
	at com.intellij.coverage.SrcFileAnnotator.showCoverageInformation(SrcFileAnnotator.java:291)
	at com.intellij.coverage.CoverageDataManagerImpl$CoverageEditorFactoryListener$2.run(CoverageDataManagerImpl.java:681)
	at com.intellij.util.concurrency.QueueProcessor.runSafely(QueueProcessor.java:238)
	at com.intellij.util.Alarm$Request$1.run(Alarm.java:378)
	at com.intellij.util.Alarm$Request.run(Alarm.java:389)
	at java.util.concurrent.Executors$RunnableAdapter.call(Executors.java:511)
	at java.util.concurrent.FutureTask.run(FutureTask.java:266)
	at com.intellij.util.concurrency.SchedulingWrapper$MyScheduledFutureTask.run(SchedulingWrapper.java:227)
	at com.intellij.util.concurrency.BoundedTaskExecutor$2.run(BoundedTaskExecutor.java:187)
	at java.util.concurrent.ThreadPoolExecutor.runWorker(ThreadPoolExecutor.java:1142)
	at java.util.concurrent.ThreadPoolExecutor$Worker.run(ThreadPoolExecutor.java:617)
	at java.lang.Thread.run(Thread.java:745)
[2016.08.08 09:35:37] (Coverage): Failed to load coverage data from file: /root/.IdeaIC2016.1/system/coverage/hadoop-main$TestFileAppend.coverage
java.io.EOFException
	at java.io.DataInputStream.readByte(DataInputStream.java:267)
	at com.intellij.rt.coverage.util.CoverageIOUtil.readUTFFast(CoverageIOUtil.java:100)
	at com.intellij.rt.coverage.util.ProjectDataLoader.expand(ProjectDataLoader.java:107)
	at com.intellij.rt.coverage.util.ProjectDataLoader.load(ProjectDataLoader.java:49)
	at com.intellij.coverage.IDEACoverageRunner.loadCoverageData(IDEACoverageRunner.java:44)
	at com.intellij.coverage.BaseCoverageSuite.loadProjectInfo(BaseCoverageSuite.java:245)
	at com.intellij.coverage.JavaCoverageSuite.getCoverageData(JavaCoverageSuite.java:146)
	at com.intellij.coverage.CoverageSuitesBundle.getCoverageData(CoverageSuitesBundle.java:92)
	at com.intellij.coverage.SrcFileAnnotator.showCoverageInformation(SrcFileAnnotator.java:291)
	at com.intellij.coverage.CoverageDataManagerImpl$CoverageEditorFactoryListener$2.run(CoverageDataManagerImpl.java:681)
	at com.intellij.util.concurrency.QueueProcessor.runSafely(QueueProcessor.java:238)
	at com.intellij.util.Alarm$Request$1.run(Alarm.java:378)
	at com.intellij.util.Alarm$Request.run(Alarm.java:389)
	at java.util.concurrent.Executors$RunnableAdapter.call(Executors.java:511)
	at java.util.concurrent.FutureTask.run(FutureTask.java:266)
	at com.intellij.util.concurrency.SchedulingWrapper$MyScheduledFutureTask.run(SchedulingWrapper.java:227)
	at com.intellij.util.concurrency.BoundedTaskExecutor$2.run(BoundedTaskExecutor.java:187)
	at java.util.concurrent.ThreadPoolExecutor.runWorker(ThreadPoolExecutor.java:1142)
	at java.util.concurrent.ThreadPoolExecutor$Worker.run(ThreadPoolExecutor.java:617)
	at java.lang.Thread.run(Thread.java:745)
[2016.08.08 10:53:24] (Coverage): Failed to load coverage data from file: /root/.IdeaIC2016.1/system/coverage/hadoop-main$TestFileAppend.coverage
java.io.EOFException
	at java.io.DataInputStream.readByte(DataInputStream.java:267)
	at com.intellij.rt.coverage.util.CoverageIOUtil.readUTFFast(CoverageIOUtil.java:100)
	at com.intellij.rt.coverage.util.ProjectDataLoader.expand(ProjectDataLoader.java:107)
	at com.intellij.rt.coverage.util.ProjectDataLoader.load(ProjectDataLoader.java:49)
	at com.intellij.coverage.IDEACoverageRunner.loadCoverageData(IDEACoverageRunner.java:44)
	at com.intellij.coverage.BaseCoverageSuite.loadProjectInfo(BaseCoverageSuite.java:245)
	at com.intellij.coverage.JavaCoverageSuite.getCoverageData(JavaCoverageSuite.java:146)
	at com.intellij.coverage.CoverageSuitesBundle.getCoverageData(CoverageSuitesBundle.java:92)
	at com.intellij.coverage.SrcFileAnnotator.showCoverageInformation(SrcFileAnnotator.java:291)
	at com.intellij.coverage.CoverageDataManagerImpl$CoverageEditorFactoryListener$2.run(CoverageDataManagerImpl.java:681)
	at com.intellij.util.concurrency.QueueProcessor.runSafely(QueueProcessor.java:238)
	at com.intellij.util.Alarm$Request$1.run(Alarm.java:378)
	at com.intellij.util.Alarm$Request.run(Alarm.java:389)
	at java.util.concurrent.Executors$RunnableAdapter.call(Executors.java:511)
	at java.util.concurrent.FutureTask.run(FutureTask.java:266)
	at com.intellij.util.concurrency.SchedulingWrapper$MyScheduledFutureTask.run(SchedulingWrapper.java:227)
	at com.intellij.util.concurrency.BoundedTaskExecutor$2.run(BoundedTaskExecutor.java:187)
	at java.util.concurrent.ThreadPoolExecutor.runWorker(ThreadPoolExecutor.java:1142)
	at java.util.concurrent.ThreadPoolExecutor$Worker.run(ThreadPoolExecutor.java:617)
	at java.lang.Thread.run(Thread.java:745)
[2016.08.08 13:26:33] (Coverage): Failed to load coverage data from file: /root/.IdeaIC2016.1/system/coverage/hadoop-main$TestFileAppend.coverage
java.io.EOFException
	at java.io.DataInputStream.readByte(DataInputStream.java:267)
	at com.intellij.rt.coverage.util.CoverageIOUtil.readUTFFast(CoverageIOUtil.java:100)
	at com.intellij.rt.coverage.util.ProjectDataLoader.expand(ProjectDataLoader.java:107)
	at com.intellij.rt.coverage.util.ProjectDataLoader.load(ProjectDataLoader.java:49)
	at com.intellij.coverage.IDEACoverageRunner.loadCoverageData(IDEACoverageRunner.java:44)
	at com.intellij.coverage.BaseCoverageSuite.loadProjectInfo(BaseCoverageSuite.java:245)
	at com.intellij.coverage.JavaCoverageSuite.getCoverageData(JavaCoverageSuite.java:146)
	at com.intellij.coverage.CoverageSuitesBundle.getCoverageData(CoverageSuitesBundle.java:92)
	at com.intellij.coverage.SrcFileAnnotator.showCoverageInformation(SrcFileAnnotator.java:291)
	at com.intellij.coverage.CoverageDataManagerImpl$CoverageEditorFactoryListener$2.run(CoverageDataManagerImpl.java:681)
	at com.intellij.util.concurrency.QueueProcessor.runSafely(QueueProcessor.java:238)
	at com.intellij.util.Alarm$Request$1.run(Alarm.java:378)
	at com.intellij.util.Alarm$Request.run(Alarm.java:389)
	at java.util.concurrent.Executors$RunnableAdapter.call(Executors.java:511)
	at java.util.concurrent.FutureTask.run(FutureTask.java:266)
	at com.intellij.util.concurrency.SchedulingWrapper$MyScheduledFutureTask.run(SchedulingWrapper.java:227)
	at com.intellij.util.concurrency.BoundedTaskExecutor$2.run(BoundedTaskExecutor.java:187)
	at java.util.concurrent.ThreadPoolExecutor.runWorker(ThreadPoolExecutor.java:1142)
	at java.util.concurrent.ThreadPoolExecutor$Worker.run(ThreadPoolExecutor.java:617)
	at java.lang.Thread.run(Thread.java:745)
[2016.08.08 15:06:39] (Coverage): Failed to load coverage data from file: /root/.IdeaIC2016.1/system/coverage/hadoop-main$TestFileAppend.coverage
java.io.EOFException
	at java.io.DataInputStream.readByte(DataInputStream.java:267)
	at com.intellij.rt.coverage.util.CoverageIOUtil.readUTFFast(CoverageIOUtil.java:100)
	at com.intellij.rt.coverage.util.ProjectDataLoader.expand(ProjectDataLoader.java:107)
	at com.intellij.rt.coverage.util.ProjectDataLoader.load(ProjectDataLoader.java:49)
	at com.intellij.coverage.IDEACoverageRunner.loadCoverageData(IDEACoverageRunner.java:44)
	at com.intellij.coverage.BaseCoverageSuite.loadProjectInfo(BaseCoverageSuite.java:245)
	at com.intellij.coverage.JavaCoverageSuite.getCoverageData(JavaCoverageSuite.java:146)
	at com.intellij.coverage.CoverageSuitesBundle.getCoverageData(CoverageSuitesBundle.java:92)
	at com.intellij.coverage.SrcFileAnnotator.showCoverageInformation(SrcFileAnnotator.java:291)
	at com.intellij.coverage.CoverageDataManagerImpl$CoverageEditorFactoryListener$2.run(CoverageDataManagerImpl.java:681)
	at com.intellij.util.concurrency.QueueProcessor.runSafely(QueueProcessor.java:238)
	at com.intellij.util.Alarm$Request$1.run(Alarm.java:378)
	at com.intellij.util.Alarm$Request.run(Alarm.java:389)
	at java.util.concurrent.Executors$RunnableAdapter.call(Executors.java:511)
	at java.util.concurrent.FutureTask.run(FutureTask.java:266)
	at com.intellij.util.concurrency.SchedulingWrapper$MyScheduledFutureTask.run(SchedulingWrapper.java:227)
	at com.intellij.util.concurrency.BoundedTaskExecutor$2.run(BoundedTaskExecutor.java:187)
	at java.util.concurrent.ThreadPoolExecutor.runWorker(ThreadPoolExecutor.java:1142)
	at java.util.concurrent.ThreadPoolExecutor$Worker.run(ThreadPoolExecutor.java:617)
	at java.lang.Thread.run(Thread.java:745)
[2016.08.08 19:36:41] (Coverage): Failed to load coverage data from file: /root/.IdeaIC2016.1/system/coverage/hadoop-main$TestFileAppend.coverage
java.io.EOFException
	at java.io.DataInputStream.readByte(DataInputStream.java:267)
	at com.intellij.rt.coverage.util.CoverageIOUtil.readUTFFast(CoverageIOUtil.java:100)
	at com.intellij.rt.coverage.util.ProjectDataLoader.expand(ProjectDataLoader.java:107)
	at com.intellij.rt.coverage.util.ProjectDataLoader.load(ProjectDataLoader.java:49)
	at com.intellij.coverage.IDEACoverageRunner.loadCoverageData(IDEACoverageRunner.java:44)
	at com.intellij.coverage.BaseCoverageSuite.loadProjectInfo(BaseCoverageSuite.java:245)
	at com.intellij.coverage.JavaCoverageSuite.getCoverageData(JavaCoverageSuite.java:146)
	at com.intellij.coverage.CoverageSuitesBundle.getCoverageData(CoverageSuitesBundle.java:92)
	at com.intellij.coverage.SrcFileAnnotator.showCoverageInformation(SrcFileAnnotator.java:291)
	at com.intellij.coverage.CoverageDataManagerImpl$CoverageEditorFactoryListener$2.run(CoverageDataManagerImpl.java:681)
	at com.intellij.util.concurrency.QueueProcessor.runSafely(QueueProcessor.java:238)
	at com.intellij.util.Alarm$Request$1.run(Alarm.java:378)
	at com.intellij.util.Alarm$Request.run(Alarm.java:389)
	at java.util.concurrent.Executors$RunnableAdapter.call(Executors.java:511)
	at java.util.concurrent.FutureTask.run(FutureTask.java:266)
	at com.intellij.util.concurrency.SchedulingWrapper$MyScheduledFutureTask.run(SchedulingWrapper.java:227)
	at com.intellij.util.concurrency.BoundedTaskExecutor$2.run(BoundedTaskExecutor.java:187)
	at java.util.concurrent.ThreadPoolExecutor.runWorker(ThreadPoolExecutor.java:1142)
	at java.util.concurrent.ThreadPoolExecutor$Worker.run(ThreadPoolExecutor.java:617)
	at java.lang.Thread.run(Thread.java:745)
[2016.08.08 19:46:36] (Coverage): Failed to load coverage data from file: /root/.IdeaIC2016.1/system/coverage/hadoop-main$TestFileAppend.coverage
java.io.EOFException
	at java.io.DataInputStream.readByte(DataInputStream.java:267)
	at com.intellij.rt.coverage.util.CoverageIOUtil.readUTFFast(CoverageIOUtil.java:100)
	at com.intellij.rt.coverage.util.ProjectDataLoader.expand(ProjectDataLoader.java:107)
	at com.intellij.rt.coverage.util.ProjectDataLoader.load(ProjectDataLoader.java:49)
	at com.intellij.coverage.IDEACoverageRunner.loadCoverageData(IDEACoverageRunner.java:44)
	at com.intellij.coverage.BaseCoverageSuite.loadProjectInfo(BaseCoverageSuite.java:245)
	at com.intellij.coverage.JavaCoverageSuite.getCoverageData(JavaCoverageSuite.java:146)
	at com.intellij.coverage.CoverageSuitesBundle.getCoverageData(CoverageSuitesBundle.java:92)
	at com.intellij.coverage.SrcFileAnnotator.showCoverageInformation(SrcFileAnnotator.java:291)
	at com.intellij.coverage.CoverageDataManagerImpl$CoverageEditorFactoryListener$2.run(CoverageDataManagerImpl.java:681)
	at com.intellij.util.concurrency.QueueProcessor.runSafely(QueueProcessor.java:238)
	at com.intellij.util.Alarm$Request$1.run(Alarm.java:378)
	at com.intellij.util.Alarm$Request.run(Alarm.java:389)
	at java.util.concurrent.Executors$RunnableAdapter.call(Executors.java:511)
	at java.util.concurrent.FutureTask.run(FutureTask.java:266)
	at com.intellij.util.concurrency.SchedulingWrapper$MyScheduledFutureTask.run(SchedulingWrapper.java:227)
	at com.intellij.util.concurrency.BoundedTaskExecutor$2.run(BoundedTaskExecutor.java:187)
	at java.util.concurrent.ThreadPoolExecutor.runWorker(ThreadPoolExecutor.java:1142)
	at java.util.concurrent.ThreadPoolExecutor$Worker.run(ThreadPoolExecutor.java:617)
	at java.lang.Thread.run(Thread.java:745)
[2016.08.08 19:47:14] (Coverage): Failed to load coverage data from file: /root/.IdeaIC2016.1/system/coverage/hadoop-main$TestFileAppend.coverage
java.io.EOFException
	at java.io.DataInputStream.readByte(DataInputStream.java:267)
	at com.intellij.rt.coverage.util.CoverageIOUtil.readUTFFast(CoverageIOUtil.java:100)
	at com.intellij.rt.coverage.util.ProjectDataLoader.expand(ProjectDataLoader.java:107)
	at com.intellij.rt.coverage.util.ProjectDataLoader.load(ProjectDataLoader.java:49)
	at com.intellij.coverage.IDEACoverageRunner.loadCoverageData(IDEACoverageRunner.java:44)
	at com.intellij.coverage.BaseCoverageSuite.loadProjectInfo(BaseCoverageSuite.java:245)
	at com.intellij.coverage.JavaCoverageSuite.getCoverageData(JavaCoverageSuite.java:146)
	at com.intellij.coverage.CoverageSuitesBundle.getCoverageData(CoverageSuitesBundle.java:92)
	at com.intellij.coverage.SrcFileAnnotator.showCoverageInformation(SrcFileAnnotator.java:291)
	at com.intellij.coverage.CoverageDataManagerImpl$CoverageEditorFactoryListener$2.run(CoverageDataManagerImpl.java:681)
	at com.intellij.util.concurrency.QueueProcessor.runSafely(QueueProcessor.java:238)
	at com.intellij.util.Alarm$Request$1.run(Alarm.java:378)
	at com.intellij.util.Alarm$Request.run(Alarm.java:389)
	at java.util.concurrent.Executors$RunnableAdapter.call(Executors.java:511)
	at java.util.concurrent.FutureTask.run(FutureTask.java:266)
	at com.intellij.util.concurrency.SchedulingWrapper$MyScheduledFutureTask.run(SchedulingWrapper.java:227)
	at com.intellij.util.concurrency.BoundedTaskExecutor$2.run(BoundedTaskExecutor.java:187)
	at java.util.concurrent.ThreadPoolExecutor.runWorker(ThreadPoolExecutor.java:1142)
	at java.util.concurrent.ThreadPoolExecutor$Worker.run(ThreadPoolExecutor.java:617)
	at java.lang.Thread.run(Thread.java:745)
[2016.08.08 19:53:45] (Coverage): Failed to load coverage data from file: /root/.IdeaIC2016.1/system/coverage/hadoop-main$TestFileAppend.coverage
java.io.EOFException
	at java.io.DataInputStream.readByte(DataInputStream.java:267)
	at com.intellij.rt.coverage.util.CoverageIOUtil.readUTFFast(CoverageIOUtil.java:100)
	at com.intellij.rt.coverage.util.ProjectDataLoader.expand(ProjectDataLoader.java:107)
	at com.intellij.rt.coverage.util.ProjectDataLoader.load(ProjectDataLoader.java:49)
	at com.intellij.coverage.IDEACoverageRunner.loadCoverageData(IDEACoverageRunner.java:44)
	at com.intellij.coverage.BaseCoverageSuite.loadProjectInfo(BaseCoverageSuite.java:245)
	at com.intellij.coverage.JavaCoverageSuite.getCoverageData(JavaCoverageSuite.java:146)
	at com.intellij.coverage.CoverageSuitesBundle.getCoverageData(CoverageSuitesBundle.java:92)
	at com.intellij.coverage.SrcFileAnnotator.showCoverageInformation(SrcFileAnnotator.java:291)
	at com.intellij.coverage.CoverageDataManagerImpl$CoverageEditorFactoryListener$2.run(CoverageDataManagerImpl.java:681)
	at com.intellij.util.concurrency.QueueProcessor.runSafely(QueueProcessor.java:238)
	at com.intellij.util.Alarm$Request$1.run(Alarm.java:378)
	at com.intellij.util.Alarm$Request.run(Alarm.java:389)
	at java.util.concurrent.Executors$RunnableAdapter.call(Executors.java:511)
	at java.util.concurrent.FutureTask.run(FutureTask.java:266)
	at com.intellij.util.concurrency.SchedulingWrapper$MyScheduledFutureTask.run(SchedulingWrapper.java:227)
	at com.intellij.util.concurrency.BoundedTaskExecutor$2.run(BoundedTaskExecutor.java:187)
	at java.util.concurrent.ThreadPoolExecutor.runWorker(ThreadPoolExecutor.java:1142)
	at java.util.concurrent.ThreadPoolExecutor$Worker.run(ThreadPoolExecutor.java:617)
	at java.lang.Thread.run(Thread.java:745)
[2016.08.08 19:54:45] (Coverage): Failed to load coverage data from file: /root/.IdeaIC2016.1/system/coverage/hadoop-main$TestFileAppend.coverage
java.io.EOFException
	at java.io.DataInputStream.readByte(DataInputStream.java:267)
	at com.intellij.rt.coverage.util.CoverageIOUtil.readUTFFast(CoverageIOUtil.java:100)
	at com.intellij.rt.coverage.util.ProjectDataLoader.expand(ProjectDataLoader.java:107)
	at com.intellij.rt.coverage.util.ProjectDataLoader.load(ProjectDataLoader.java:49)
	at com.intellij.coverage.IDEACoverageRunner.loadCoverageData(IDEACoverageRunner.java:44)
	at com.intellij.coverage.BaseCoverageSuite.loadProjectInfo(BaseCoverageSuite.java:245)
	at com.intellij.coverage.JavaCoverageSuite.getCoverageData(JavaCoverageSuite.java:146)
	at com.intellij.coverage.CoverageSuitesBundle.getCoverageData(CoverageSuitesBundle.java:92)
	at com.intellij.coverage.SrcFileAnnotator.showCoverageInformation(SrcFileAnnotator.java:291)
	at com.intellij.coverage.CoverageDataManagerImpl$CoverageEditorFactoryListener$2.run(CoverageDataManagerImpl.java:681)
	at com.intellij.util.concurrency.QueueProcessor.runSafely(QueueProcessor.java:238)
	at com.intellij.util.Alarm$Request$1.run(Alarm.java:378)
	at com.intellij.util.Alarm$Request.run(Alarm.java:389)
	at java.util.concurrent.Executors$RunnableAdapter.call(Executors.java:511)
	at java.util.concurrent.FutureTask.run(FutureTask.java:266)
	at com.intellij.util.concurrency.SchedulingWrapper$MyScheduledFutureTask.run(SchedulingWrapper.java:227)
	at com.intellij.util.concurrency.BoundedTaskExecutor$2.run(BoundedTaskExecutor.java:187)
	at java.util.concurrent.ThreadPoolExecutor.runWorker(ThreadPoolExecutor.java:1142)
	at java.util.concurrent.ThreadPoolExecutor$Worker.run(ThreadPoolExecutor.java:617)
	at java.lang.Thread.run(Thread.java:745)
[2016.08.08 21:10:09] (Coverage): Failed to load coverage data from file: /root/.IdeaIC2016.1/system/coverage/hadoop-main$TestFileAppend.coverage
java.io.EOFException
	at java.io.DataInputStream.readByte(DataInputStream.java:267)
	at com.intellij.rt.coverage.util.CoverageIOUtil.readUTFFast(CoverageIOUtil.java:100)
	at com.intellij.rt.coverage.util.ProjectDataLoader.expand(ProjectDataLoader.java:107)
	at com.intellij.rt.coverage.util.ProjectDataLoader.load(ProjectDataLoader.java:49)
	at com.intellij.coverage.IDEACoverageRunner.loadCoverageData(IDEACoverageRunner.java:44)
	at com.intellij.coverage.BaseCoverageSuite.loadProjectInfo(BaseCoverageSuite.java:245)
	at com.intellij.coverage.JavaCoverageSuite.getCoverageData(JavaCoverageSuite.java:146)
	at com.intellij.coverage.CoverageSuitesBundle.getCoverageData(CoverageSuitesBundle.java:92)
	at com.intellij.coverage.SrcFileAnnotator.showCoverageInformation(SrcFileAnnotator.java:291)
	at com.intellij.coverage.CoverageDataManagerImpl$CoverageEditorFactoryListener$2.run(CoverageDataManagerImpl.java:681)
	at com.intellij.util.concurrency.QueueProcessor.runSafely(QueueProcessor.java:238)
	at com.intellij.util.Alarm$Request$1.run(Alarm.java:378)
	at com.intellij.util.Alarm$Request.run(Alarm.java:389)
	at java.util.concurrent.Executors$RunnableAdapter.call(Executors.java:511)
	at java.util.concurrent.FutureTask.run(FutureTask.java:266)
	at com.intellij.util.concurrency.SchedulingWrapper$MyScheduledFutureTask.run(SchedulingWrapper.java:227)
	at com.intellij.util.concurrency.BoundedTaskExecutor$2.run(BoundedTaskExecutor.java:187)
	at java.util.concurrent.ThreadPoolExecutor.runWorker(ThreadPoolExecutor.java:1142)
	at java.util.concurrent.ThreadPoolExecutor$Worker.run(ThreadPoolExecutor.java:617)
	at java.lang.Thread.run(Thread.java:745)
[2016.08.08 21:21:01] (Coverage): Failed to load coverage data from file: /root/.IdeaIC2016.1/system/coverage/hadoop-main$TestFileAppend.coverage
java.io.EOFException
	at java.io.DataInputStream.readByte(DataInputStream.java:267)
	at com.intellij.rt.coverage.util.CoverageIOUtil.readUTFFast(CoverageIOUtil.java:100)
	at com.intellij.rt.coverage.util.ProjectDataLoader.expand(ProjectDataLoader.java:107)
	at com.intellij.rt.coverage.util.ProjectDataLoader.load(ProjectDataLoader.java:49)
	at com.intellij.coverage.IDEACoverageRunner.loadCoverageData(IDEACoverageRunner.java:44)
	at com.intellij.coverage.BaseCoverageSuite.loadProjectInfo(BaseCoverageSuite.java:245)
	at com.intellij.coverage.JavaCoverageSuite.getCoverageData(JavaCoverageSuite.java:146)
	at com.intellij.coverage.CoverageSuitesBundle.getCoverageData(CoverageSuitesBundle.java:92)
	at com.intellij.coverage.SrcFileAnnotator.showCoverageInformation(SrcFileAnnotator.java:291)
	at com.intellij.coverage.CoverageDataManagerImpl$CoverageEditorFactoryListener$2.run(CoverageDataManagerImpl.java:681)
	at com.intellij.util.concurrency.QueueProcessor.runSafely(QueueProcessor.java:238)
	at com.intellij.util.Alarm$Request$1.run(Alarm.java:378)
	at com.intellij.util.Alarm$Request.run(Alarm.java:389)
	at java.util.concurrent.Executors$RunnableAdapter.call(Executors.java:511)
	at java.util.concurrent.FutureTask.run(FutureTask.java:266)
	at com.intellij.util.concurrency.SchedulingWrapper$MyScheduledFutureTask.run(SchedulingWrapper.java:227)
	at com.intellij.util.concurrency.BoundedTaskExecutor$2.run(BoundedTaskExecutor.java:187)
	at java.util.concurrent.ThreadPoolExecutor.runWorker(ThreadPoolExecutor.java:1142)
	at java.util.concurrent.ThreadPoolExecutor$Worker.run(ThreadPoolExecutor.java:617)
	at java.lang.Thread.run(Thread.java:745)
[2016.08.08 21:23:33] (Coverage): Failed to load coverage data from file: /root/.IdeaIC2016.1/system/coverage/hadoop-main$TestFileAppend.coverage
java.io.EOFException
	at java.io.DataInputStream.readByte(DataInputStream.java:267)
	at com.intellij.rt.coverage.util.CoverageIOUtil.readUTFFast(CoverageIOUtil.java:100)
	at com.intellij.rt.coverage.util.ProjectDataLoader.expand(ProjectDataLoader.java:107)
	at com.intellij.rt.coverage.util.ProjectDataLoader.load(ProjectDataLoader.java:49)
	at com.intellij.coverage.IDEACoverageRunner.loadCoverageData(IDEACoverageRunner.java:44)
	at com.intellij.coverage.BaseCoverageSuite.loadProjectInfo(BaseCoverageSuite.java:245)
	at com.intellij.coverage.JavaCoverageSuite.getCoverageData(JavaCoverageSuite.java:146)
	at com.intellij.coverage.CoverageSuitesBundle.getCoverageData(CoverageSuitesBundle.java:92)
	at com.intellij.coverage.SrcFileAnnotator.showCoverageInformation(SrcFileAnnotator.java:291)
	at com.intellij.coverage.CoverageDataManagerImpl$CoverageEditorFactoryListener$2.run(CoverageDataManagerImpl.java:681)
	at com.intellij.util.concurrency.QueueProcessor.runSafely(QueueProcessor.java:238)
	at com.intellij.util.Alarm$Request$1.run(Alarm.java:378)
	at com.intellij.util.Alarm$Request.run(Alarm.java:389)
	at java.util.concurrent.Executors$RunnableAdapter.call(Executors.java:511)
	at java.util.concurrent.FutureTask.run(FutureTask.java:266)
	at com.intellij.util.concurrency.SchedulingWrapper$MyScheduledFutureTask.run(SchedulingWrapper.java:227)
	at com.intellij.util.concurrency.BoundedTaskExecutor$2.run(BoundedTaskExecutor.java:187)
	at java.util.concurrent.ThreadPoolExecutor.runWorker(ThreadPoolExecutor.java:1142)
	at java.util.concurrent.ThreadPoolExecutor$Worker.run(ThreadPoolExecutor.java:617)
	at java.lang.Thread.run(Thread.java:745)
[2016.08.08 21:27:48] (Coverage): Failed to load coverage data from file: /root/.IdeaIC2016.1/system/coverage/hadoop-main$TestFileAppend.coverage
java.io.EOFException
	at java.io.DataInputStream.readByte(DataInputStream.java:267)
	at com.intellij.rt.coverage.util.CoverageIOUtil.readUTFFast(CoverageIOUtil.java:100)
	at com.intellij.rt.coverage.util.ProjectDataLoader.expand(ProjectDataLoader.java:107)
	at com.intellij.rt.coverage.util.ProjectDataLoader.load(ProjectDataLoader.java:49)
	at com.intellij.coverage.IDEACoverageRunner.loadCoverageData(IDEACoverageRunner.java:44)
	at com.intellij.coverage.BaseCoverageSuite.loadProjectInfo(BaseCoverageSuite.java:245)
	at com.intellij.coverage.JavaCoverageSuite.getCoverageData(JavaCoverageSuite.java:146)
	at com.intellij.coverage.CoverageSuitesBundle.getCoverageData(CoverageSuitesBundle.java:92)
	at com.intellij.coverage.SrcFileAnnotator.showCoverageInformation(SrcFileAnnotator.java:291)
	at com.intellij.coverage.CoverageDataManagerImpl$CoverageEditorFactoryListener$2.run(CoverageDataManagerImpl.java:681)
	at com.intellij.util.concurrency.QueueProcessor.runSafely(QueueProcessor.java:238)
	at com.intellij.util.Alarm$Request$1.run(Alarm.java:378)
	at com.intellij.util.Alarm$Request.run(Alarm.java:389)
	at java.util.concurrent.Executors$RunnableAdapter.call(Executors.java:511)
	at java.util.concurrent.FutureTask.run(FutureTask.java:266)
	at com.intellij.util.concurrency.SchedulingWrapper$MyScheduledFutureTask.run(SchedulingWrapper.java:227)
	at com.intellij.util.concurrency.BoundedTaskExecutor$2.run(BoundedTaskExecutor.java:187)
	at java.util.concurrent.ThreadPoolExecutor.runWorker(ThreadPoolExecutor.java:1142)
	at java.util.concurrent.ThreadPoolExecutor$Worker.run(ThreadPoolExecutor.java:617)
	at java.lang.Thread.run(Thread.java:745)
[2016.08.09 09:30:51] (Coverage): Failed to load coverage data from file: /root/.IdeaIC2016.1/system/coverage/hadoop-main$TestFileAppend.coverage
java.io.EOFException
	at java.io.DataInputStream.readByte(DataInputStream.java:267)
	at com.intellij.rt.coverage.util.CoverageIOUtil.readUTFFast(CoverageIOUtil.java:100)
	at com.intellij.rt.coverage.util.ProjectDataLoader.expand(ProjectDataLoader.java:107)
	at com.intellij.rt.coverage.util.ProjectDataLoader.load(ProjectDataLoader.java:49)
	at com.intellij.coverage.IDEACoverageRunner.loadCoverageData(IDEACoverageRunner.java:44)
	at com.intellij.coverage.BaseCoverageSuite.loadProjectInfo(BaseCoverageSuite.java:245)
	at com.intellij.coverage.JavaCoverageSuite.getCoverageData(JavaCoverageSuite.java:146)
	at com.intellij.coverage.CoverageSuitesBundle.getCoverageData(CoverageSuitesBundle.java:92)
	at com.intellij.coverage.SrcFileAnnotator.showCoverageInformation(SrcFileAnnotator.java:291)
	at com.intellij.coverage.CoverageDataManagerImpl$CoverageEditorFactoryListener$2.run(CoverageDataManagerImpl.java:681)
	at com.intellij.util.concurrency.QueueProcessor.runSafely(QueueProcessor.java:238)
	at com.intellij.util.Alarm$Request$1.run(Alarm.java:378)
	at com.intellij.util.Alarm$Request.run(Alarm.java:389)
	at java.util.concurrent.Executors$RunnableAdapter.call(Executors.java:511)
	at java.util.concurrent.FutureTask.run(FutureTask.java:266)
	at com.intellij.util.concurrency.SchedulingWrapper$MyScheduledFutureTask.run(SchedulingWrapper.java:227)
	at com.intellij.util.concurrency.BoundedTaskExecutor$2.run(BoundedTaskExecutor.java:187)
	at java.util.concurrent.ThreadPoolExecutor.runWorker(ThreadPoolExecutor.java:1142)
	at java.util.concurrent.ThreadPoolExecutor$Worker.run(ThreadPoolExecutor.java:617)
	at java.lang.Thread.run(Thread.java:745)
[2016.08.10 13:39:01] (Coverage): Failed to load coverage data from file: /root/.IdeaIC2016.1/system/coverage/hadoop-main$TestFileAppend.coverage
java.io.EOFException
	at java.io.DataInputStream.readByte(DataInputStream.java:267)
	at com.intellij.rt.coverage.util.CoverageIOUtil.readUTFFast(CoverageIOUtil.java:100)
	at com.intellij.rt.coverage.util.ProjectDataLoader.expand(ProjectDataLoader.java:107)
	at com.intellij.rt.coverage.util.ProjectDataLoader.load(ProjectDataLoader.java:49)
	at com.intellij.coverage.IDEACoverageRunner.loadCoverageData(IDEACoverageRunner.java:44)
	at com.intellij.coverage.BaseCoverageSuite.loadProjectInfo(BaseCoverageSuite.java:245)
	at com.intellij.coverage.JavaCoverageSuite.getCoverageData(JavaCoverageSuite.java:146)
	at com.intellij.coverage.CoverageSuitesBundle.getCoverageData(CoverageSuitesBundle.java:92)
	at com.intellij.coverage.SrcFileAnnotator.showCoverageInformation(SrcFileAnnotator.java:291)
	at com.intellij.coverage.CoverageDataManagerImpl$CoverageEditorFactoryListener$2.run(CoverageDataManagerImpl.java:681)
	at com.intellij.util.concurrency.QueueProcessor.runSafely(QueueProcessor.java:238)
	at com.intellij.util.Alarm$Request$1.run(Alarm.java:378)
	at com.intellij.util.Alarm$Request.run(Alarm.java:389)
	at java.util.concurrent.Executors$RunnableAdapter.call(Executors.java:511)
	at java.util.concurrent.FutureTask.run(FutureTask.java:266)
	at com.intellij.util.concurrency.SchedulingWrapper$MyScheduledFutureTask.run(SchedulingWrapper.java:227)
	at com.intellij.util.concurrency.BoundedTaskExecutor$2.run(BoundedTaskExecutor.java:187)
	at java.util.concurrent.ThreadPoolExecutor.runWorker(ThreadPoolExecutor.java:1142)
	at java.util.concurrent.ThreadPoolExecutor$Worker.run(ThreadPoolExecutor.java:617)
	at java.lang.Thread.run(Thread.java:745)
[2016.08.10 16:49:28] (Coverage): Failed to load coverage data from file: /root/.IdeaIC2016.1/system/coverage/hadoop-main$TestFileAppend.coverage
java.io.EOFException
	at java.io.DataInputStream.readByte(DataInputStream.java:267)
	at com.intellij.rt.coverage.util.CoverageIOUtil.readUTFFast(CoverageIOUtil.java:100)
	at com.intellij.rt.coverage.util.ProjectDataLoader.expand(ProjectDataLoader.java:107)
	at com.intellij.rt.coverage.util.ProjectDataLoader.load(ProjectDataLoader.java:49)
	at com.intellij.coverage.IDEACoverageRunner.loadCoverageData(IDEACoverageRunner.java:44)
	at com.intellij.coverage.BaseCoverageSuite.loadProjectInfo(BaseCoverageSuite.java:245)
	at com.intellij.coverage.JavaCoverageSuite.getCoverageData(JavaCoverageSuite.java:146)
	at com.intellij.coverage.CoverageSuitesBundle.getCoverageData(CoverageSuitesBundle.java:92)
	at com.intellij.coverage.SrcFileAnnotator.showCoverageInformation(SrcFileAnnotator.java:291)
	at com.intellij.coverage.CoverageDataManagerImpl$CoverageEditorFactoryListener$2.run(CoverageDataManagerImpl.java:681)
	at com.intellij.util.concurrency.QueueProcessor.runSafely(QueueProcessor.java:238)
	at com.intellij.util.Alarm$Request$1.run(Alarm.java:378)
	at com.intellij.util.Alarm$Request.run(Alarm.java:389)
	at java.util.concurrent.Executors$RunnableAdapter.call(Executors.java:511)
	at java.util.concurrent.FutureTask.run(FutureTask.java:266)
	at com.intellij.util.concurrency.SchedulingWrapper$MyScheduledFutureTask.run(SchedulingWrapper.java:227)
	at com.intellij.util.concurrency.BoundedTaskExecutor$2.run(BoundedTaskExecutor.java:187)
	at java.util.concurrent.ThreadPoolExecutor.runWorker(ThreadPoolExecutor.java:1142)
	at java.util.concurrent.ThreadPoolExecutor$Worker.run(ThreadPoolExecutor.java:617)
	at java.lang.Thread.run(Thread.java:745)
[2016.08.10 16:49:51] (Coverage): Failed to load coverage data from file: /root/.IdeaIC2016.1/system/coverage/hadoop-main$TestFileAppend.coverage
java.io.EOFException
	at java.io.DataInputStream.readByte(DataInputStream.java:267)
	at com.intellij.rt.coverage.util.CoverageIOUtil.readUTFFast(CoverageIOUtil.java:100)
	at com.intellij.rt.coverage.util.ProjectDataLoader.expand(ProjectDataLoader.java:107)
	at com.intellij.rt.coverage.util.ProjectDataLoader.load(ProjectDataLoader.java:49)
	at com.intellij.coverage.IDEACoverageRunner.loadCoverageData(IDEACoverageRunner.java:44)
	at com.intellij.coverage.BaseCoverageSuite.loadProjectInfo(BaseCoverageSuite.java:245)
	at com.intellij.coverage.JavaCoverageSuite.getCoverageData(JavaCoverageSuite.java:146)
	at com.intellij.coverage.CoverageSuitesBundle.getCoverageData(CoverageSuitesBundle.java:92)
	at com.intellij.coverage.SrcFileAnnotator.showCoverageInformation(SrcFileAnnotator.java:291)
	at com.intellij.coverage.CoverageDataManagerImpl$CoverageEditorFactoryListener$2.run(CoverageDataManagerImpl.java:681)
	at com.intellij.util.concurrency.QueueProcessor.runSafely(QueueProcessor.java:238)
	at com.intellij.util.Alarm$Request$1.run(Alarm.java:378)
	at com.intellij.util.Alarm$Request.run(Alarm.java:389)
	at java.util.concurrent.Executors$RunnableAdapter.call(Executors.java:511)
	at java.util.concurrent.FutureTask.run(FutureTask.java:266)
	at com.intellij.util.concurrency.SchedulingWrapper$MyScheduledFutureTask.run(SchedulingWrapper.java:227)
	at com.intellij.util.concurrency.BoundedTaskExecutor$2.run(BoundedTaskExecutor.java:187)
	at java.util.concurrent.ThreadPoolExecutor.runWorker(ThreadPoolExecutor.java:1142)
	at java.util.concurrent.ThreadPoolExecutor$Worker.run(ThreadPoolExecutor.java:617)
	at java.lang.Thread.run(Thread.java:745)
[2016.08.10 20:05:01] (Coverage): Failed to load coverage data from file: /root/.IdeaIC2016.1/system/coverage/hadoop-main$TestFileAppend.coverage
java.io.EOFException
	at java.io.DataInputStream.readByte(DataInputStream.java:267)
	at com.intellij.rt.coverage.util.CoverageIOUtil.readUTFFast(CoverageIOUtil.java:100)
	at com.intellij.rt.coverage.util.ProjectDataLoader.expand(ProjectDataLoader.java:107)
	at com.intellij.rt.coverage.util.ProjectDataLoader.load(ProjectDataLoader.java:49)
	at com.intellij.coverage.IDEACoverageRunner.loadCoverageData(IDEACoverageRunner.java:44)
	at com.intellij.coverage.BaseCoverageSuite.loadProjectInfo(BaseCoverageSuite.java:245)
	at com.intellij.coverage.JavaCoverageSuite.getCoverageData(JavaCoverageSuite.java:146)
	at com.intellij.coverage.CoverageSuitesBundle.getCoverageData(CoverageSuitesBundle.java:92)
	at com.intellij.coverage.SrcFileAnnotator.showCoverageInformation(SrcFileAnnotator.java:291)
	at com.intellij.coverage.CoverageDataManagerImpl$CoverageEditorFactoryListener$2.run(CoverageDataManagerImpl.java:681)
	at com.intellij.util.concurrency.QueueProcessor.runSafely(QueueProcessor.java:238)
	at com.intellij.util.Alarm$Request$1.run(Alarm.java:378)
	at com.intellij.util.Alarm$Request.run(Alarm.java:389)
	at java.util.concurrent.Executors$RunnableAdapter.call(Executors.java:511)
	at java.util.concurrent.FutureTask.run(FutureTask.java:266)
	at com.intellij.util.concurrency.SchedulingWrapper$MyScheduledFutureTask.run(SchedulingWrapper.java:227)
	at com.intellij.util.concurrency.BoundedTaskExecutor$2.run(BoundedTaskExecutor.java:187)
	at java.util.concurrent.ThreadPoolExecutor.runWorker(ThreadPoolExecutor.java:1142)
	at java.util.concurrent.ThreadPoolExecutor$Worker.run(ThreadPoolExecutor.java:617)
	at java.lang.Thread.run(Thread.java:745)
[2016.08.10 20:05:28] (Coverage): Failed to load coverage data from file: /root/.IdeaIC2016.1/system/coverage/hadoop-main$TestFileAppend.coverage
java.io.EOFException
	at java.io.DataInputStream.readByte(DataInputStream.java:267)
	at com.intellij.rt.coverage.util.CoverageIOUtil.readUTFFast(CoverageIOUtil.java:100)
	at com.intellij.rt.coverage.util.ProjectDataLoader.expand(ProjectDataLoader.java:107)
	at com.intellij.rt.coverage.util.ProjectDataLoader.load(ProjectDataLoader.java:49)
	at com.intellij.coverage.IDEACoverageRunner.loadCoverageData(IDEACoverageRunner.java:44)
	at com.intellij.coverage.BaseCoverageSuite.loadProjectInfo(BaseCoverageSuite.java:245)
	at com.intellij.coverage.JavaCoverageSuite.getCoverageData(JavaCoverageSuite.java:146)
	at com.intellij.coverage.CoverageSuitesBundle.getCoverageData(CoverageSuitesBundle.java:92)
	at com.intellij.coverage.SrcFileAnnotator.showCoverageInformation(SrcFileAnnotator.java:291)
	at com.intellij.coverage.CoverageDataManagerImpl$CoverageEditorFactoryListener$2.run(CoverageDataManagerImpl.java:681)
	at com.intellij.util.concurrency.QueueProcessor.runSafely(QueueProcessor.java:238)
	at com.intellij.util.Alarm$Request$1.run(Alarm.java:378)
	at com.intellij.util.Alarm$Request.run(Alarm.java:389)
	at java.util.concurrent.Executors$RunnableAdapter.call(Executors.java:511)
	at java.util.concurrent.FutureTask.run(FutureTask.java:266)
	at com.intellij.util.concurrency.SchedulingWrapper$MyScheduledFutureTask.run(SchedulingWrapper.java:227)
	at com.intellij.util.concurrency.BoundedTaskExecutor$2.run(BoundedTaskExecutor.java:187)
	at java.util.concurrent.ThreadPoolExecutor.runWorker(ThreadPoolExecutor.java:1142)
	at java.util.concurrent.ThreadPoolExecutor$Worker.run(ThreadPoolExecutor.java:617)
	at java.lang.Thread.run(Thread.java:745)
[2016.08.10 20:06:17] (Coverage): Failed to load coverage data from file: /root/.IdeaIC2016.1/system/coverage/hadoop-main$TestFileAppend.coverage
java.io.EOFException
	at java.io.DataInputStream.readByte(DataInputStream.java:267)
	at com.intellij.rt.coverage.util.CoverageIOUtil.readUTFFast(CoverageIOUtil.java:100)
	at com.intellij.rt.coverage.util.ProjectDataLoader.expand(ProjectDataLoader.java:107)
	at com.intellij.rt.coverage.util.ProjectDataLoader.load(ProjectDataLoader.java:49)
	at com.intellij.coverage.IDEACoverageRunner.loadCoverageData(IDEACoverageRunner.java:44)
	at com.intellij.coverage.BaseCoverageSuite.loadProjectInfo(BaseCoverageSuite.java:245)
	at com.intellij.coverage.JavaCoverageSuite.getCoverageData(JavaCoverageSuite.java:146)
	at com.intellij.coverage.CoverageSuitesBundle.getCoverageData(CoverageSuitesBundle.java:92)
	at com.intellij.coverage.SrcFileAnnotator.showCoverageInformation(SrcFileAnnotator.java:291)
	at com.intellij.coverage.CoverageDataManagerImpl$CoverageEditorFactoryListener$2.run(CoverageDataManagerImpl.java:681)
	at com.intellij.util.concurrency.QueueProcessor.runSafely(QueueProcessor.java:238)
	at com.intellij.util.Alarm$Request$1.run(Alarm.java:378)
	at com.intellij.util.Alarm$Request.run(Alarm.java:389)
	at java.util.concurrent.Executors$RunnableAdapter.call(Executors.java:511)
	at java.util.concurrent.FutureTask.run(FutureTask.java:266)
	at com.intellij.util.concurrency.SchedulingWrapper$MyScheduledFutureTask.run(SchedulingWrapper.java:227)
	at com.intellij.util.concurrency.BoundedTaskExecutor$2.run(BoundedTaskExecutor.java:187)
	at java.util.concurrent.ThreadPoolExecutor.runWorker(ThreadPoolExecutor.java:1142)
	at java.util.concurrent.ThreadPoolExecutor$Worker.run(ThreadPoolExecutor.java:617)
	at java.lang.Thread.run(Thread.java:745)
[2016.08.11 14:12:49] (Coverage): Failed to load coverage data from file: /root/.IdeaIC2016.1/system/coverage/hadoop-main$TestFileAppend.coverage
java.io.EOFException
	at java.io.DataInputStream.readByte(DataInputStream.java:267)
	at com.intellij.rt.coverage.util.CoverageIOUtil.readUTFFast(CoverageIOUtil.java:100)
	at com.intellij.rt.coverage.util.ProjectDataLoader.expand(ProjectDataLoader.java:107)
	at com.intellij.rt.coverage.util.ProjectDataLoader.load(ProjectDataLoader.java:49)
	at com.intellij.coverage.IDEACoverageRunner.loadCoverageData(IDEACoverageRunner.java:44)
	at com.intellij.coverage.BaseCoverageSuite.loadProjectInfo(BaseCoverageSuite.java:245)
	at com.intellij.coverage.JavaCoverageSuite.getCoverageData(JavaCoverageSuite.java:146)
	at com.intellij.coverage.CoverageSuitesBundle.getCoverageData(CoverageSuitesBundle.java:92)
	at com.intellij.coverage.SrcFileAnnotator.showCoverageInformation(SrcFileAnnotator.java:291)
	at com.intellij.coverage.CoverageDataManagerImpl$CoverageEditorFactoryListener$2.run(CoverageDataManagerImpl.java:681)
	at com.intellij.util.concurrency.QueueProcessor.runSafely(QueueProcessor.java:238)
	at com.intellij.util.Alarm$Request$1.run(Alarm.java:378)
	at com.intellij.util.Alarm$Request.run(Alarm.java:389)
	at java.util.concurrent.Executors$RunnableAdapter.call(Executors.java:511)
	at java.util.concurrent.FutureTask.run(FutureTask.java:266)
	at com.intellij.util.concurrency.SchedulingWrapper$MyScheduledFutureTask.run(SchedulingWrapper.java:227)
	at com.intellij.util.concurrency.BoundedTaskExecutor$2.run(BoundedTaskExecutor.java:187)
	at java.util.concurrent.ThreadPoolExecutor.runWorker(ThreadPoolExecutor.java:1142)
	at java.util.concurrent.ThreadPoolExecutor$Worker.run(ThreadPoolExecutor.java:617)
	at java.lang.Thread.run(Thread.java:745)
